c:\users\ramzi\source\repos\stockdatagenerator\release\vc142.pdb
c:\users\ramzi\source\repos\stockdatagenerator\release\stockdatagenerator.obj
c:\users\ramzi\source\repos\stockdatagenerator\release\stockdatagenerator.exe
c:\users\ramzi\source\repos\stockdatagenerator\release\stockdatagenerator.pdb
c:\users\ramzi\source\repos\stockdatagenerator\release\stockdatagenerator.ipdb
c:\users\ramzi\source\repos\stockdatagenerator\release\stockdatagenerator.iobj
c:\users\ramzi\desktop\digipen\fall 2019\cs 599\project6\cs399project6\stockdatagenerator\release\stockdatagenerator.obj
c:\users\ramzi\desktop\digipen\fall 2019\cs 599\project6\cs399project6\stockdatagenerator\release\stockdatagenerator.ipdb
c:\users\ramzi\desktop\digipen\fall 2019\cs 599\project6\cs399project6\stockdatagenerator\release\stockdatagenerator.iobj
c:\users\ramzi\desktop\digipen\fall 2019\cs 599\project6\cs399project6\stockdatagenerator\release\stockdatagenerator.pdb
c:\users\ramzi\desktop\digipen\fall 2019\cs 599\project6\cs399project6\stockdatagenerator\release\vc142.pdb
c:\users\ramzi\desktop\digipen\fall 2019\cs 599\project6\cs399project6\stockdatagenerator\release\stockdatagenerator.exe
c:\users\ramzi\desktop\digipen\fall 2019\cs 599\project6\cs399project6\stockdatagenerator\release\stockdat.4c3371cb.tlog\cl.command.1.tlog
c:\users\ramzi\desktop\digipen\fall 2019\cs 599\project6\cs399project6\stockdatagenerator\release\stockdat.4c3371cb.tlog\cl.read.1.tlog
c:\users\ramzi\desktop\digipen\fall 2019\cs 599\project6\cs399project6\stockdatagenerator\release\stockdat.4c3371cb.tlog\cl.write.1.tlog
c:\users\ramzi\desktop\digipen\fall 2019\cs 599\project6\cs399project6\stockdatagenerator\release\stockdat.4c3371cb.tlog\link.command.1.tlog
c:\users\ramzi\desktop\digipen\fall 2019\cs 599\project6\cs399project6\stockdatagenerator\release\stockdat.4c3371cb.tlog\link.delete.1.tlog
c:\users\ramzi\desktop\digipen\fall 2019\cs 599\project6\cs399project6\stockdatagenerator\release\stockdat.4c3371cb.tlog\link.read.1.tlog
c:\users\ramzi\desktop\digipen\fall 2019\cs 599\project6\cs399project6\stockdatagenerator\release\stockdat.4c3371cb.tlog\link.write.1.tlog
c:\users\ramzi\desktop\digipen\fall 2019\cs 599\project6\cs399project6\stockdatagenerator\release\stockdat.4c3371cb.tlog\stockdatagenerator.write.1u.tlog
